Arguments: 
  /Users/ilmoi/.nvm/versions/node/v16.14.0/bin/node /Users/ilmoi/.nvm/versions/node/v16.14.0/bin/yarn add @solana/web3

PATH: 
  [31m[1mUsage Error[22m[39m: The 'yarn global' commands have been removed in 2.x - consider using 'yarn dlx' or a third-party plugin instead
  
  [1m$ [22myarn run [--inspect] [--inspect-brk] [-T,--top-level] [-B,--binaries-only] <scriptName> ...:/Users/ilmoi/google-cloud-sdk/bin:/usr/local/opt/make/libexec/gnubin:/usr/local/sbin/:/usr/local/opt/ruby/bin:/Users/ilmoi/.local/bin:/Users/ilmoi/.local/share/solana/install/active_release/bin:/Users/ilmoi/.pyenv/shims:/Users/ilmoi/.nvm/versions/node/v16.14.0/bin:/usr/local/bin:/usr/bin:/bin:/usr/sbin:/sbin:/Library/Apple/usr/bin:/Users/ilmoi/.cargo/bin:/Users/ilmoi/.fzf/bin

Yarn version: 
  1.22.19

Node version: 
  16.14.0

Platform: 
  darwin x64

Trace: 
  Error: https://registry.yarnpkg.com/@solana%2fweb3: Not found
      at Request.params.callback [as _callback] (/Users/ilmoi/.nvm/versions/node/v16.14.0/lib/node_modules/yarn/lib/cli.js:66145:18)
      at Request.self.callback (/Users/ilmoi/.nvm/versions/node/v16.14.0/lib/node_modules/yarn/lib/cli.js:140890:22)
      at Request.emit (node:events:520:28)
      at Request.<anonymous> (/Users/ilmoi/.nvm/versions/node/v16.14.0/lib/node_modules/yarn/lib/cli.js:141862:10)
      at Request.emit (node:events:520:28)
      at IncomingMessage.<anonymous> (/Users/ilmoi/.nvm/versions/node/v16.14.0/lib/node_modules/yarn/lib/cli.js:141784:12)
      at Object.onceWrapper (node:events:639:28)
      at IncomingMessage.emit (node:events:532:35)
      at endReadableNT (node:internal/streams/readable:1346:12)
      at processTicksAndRejections (node:internal/process/task_queues:83:21)

npm manifest: 
  {
    "name": "solana-versioned-tx",
    "version": "1.0.0",
    "main": "index.js",
    "license": "MIT"
  }

yarn manifest: 
  No manifest

Lockfile: 
  No lockfile
